2025-04-22 14:58:56,860 - INFO - ====== WebDriver manager ======
2025-04-22 14:58:57,003 - INFO - Get LATEST chromedriver version for google-chrome
2025-04-22 14:58:57,038 - INFO - Get LATEST chromedriver version for google-chrome
2025-04-22 14:58:57,063 - INFO - Driver [/Users/whoseunassailable/.wdm/drivers/chromedriver/mac64/135.0.7049.95/chromedriver-mac-arm64/chromedriver] found in cache
2025-04-22 14:58:57,848 - INFO - Initializing YMGrad scraper...
2025-04-22 14:59:03,107 - ERROR - Login failed. Please check your credentials or the website status.
2025-04-22 14:59:03,192 - INFO - Browser closed.
2025-04-22 14:59:48,403 - INFO - ====== WebDriver manager ======
2025-04-22 14:59:48,533 - INFO - Get LATEST chromedriver version for google-chrome
2025-04-22 14:59:48,563 - INFO - Get LATEST chromedriver version for google-chrome
2025-04-22 14:59:48,590 - INFO - Driver [/Users/whoseunassailable/.wdm/drivers/chromedriver/mac64/135.0.7049.95/chromedriver-mac-arm64/chromedriver] found in cache
2025-04-22 14:59:49,361 - INFO - Initializing YMGrad scraper...
2025-04-22 15:00:12,476 - INFO - Login successful! Scraping data...
2025-04-22 15:00:14,560 - INFO - 
Scraped Admission Data:
2025-04-22 15:00:14,560 - INFO - {
  "GRE": [
    "326",
    "324",
    "328",
    "322",
    "331",
    "326",
    "326",
    "316",
    "324",
    "321",
    "323",
    "322",
    "322",
    "321",
    "321",
    "321",
    "319",
    "316",
    "317",
    "320",
    "320",
    "316",
    "318",
    "316",
    "314",
    "318",
    "317",
    "317",
    "321",
    "318",
    "316",
    "317",
    "323",
    "316",
    "319"
  ],
  "TOEFL": [],
  "GPA": [
    "3.81",
    "3.57",
    "3.8",
    "3.7",
    "3.9",
    "3.7",
    "3.8",
    "3.4",
    "3.6",
    "3.5",
    "3.56",
    "3.58",
    "3.85",
    "3.59",
    "3.5",
    "3.63",
    "3.52",
    "3.41",
    "3.56",
    "3.3",
    "3.34",
    "3.4",
    "3.44",
    "3.6",
    "3.48",
    "3.45",
    "3.51",
    "3.4",
    "3.42",
    "3.55",
    "3.6",
    "3.32",
    "3.32",
    "3.53",
    "3.6",
    "3.5",
    "3.48",
    "3.3",
    "3.51"
  ]
}
2025-04-22 15:00:14,561 - INFO - Data saved to 'admission_data.json'
2025-04-22 15:00:14,660 - INFO - Browser closed.
